mode: set
github.com/fridrock/trainingservice/main.go:18.40,25.16 3 0
github.com/fridrock/trainingservice/main.go:25.16,27.3 1 0
github.com/fridrock/trainingservice/main.go:28.2,28.12 1 0
github.com/fridrock/trainingservice/main.go:31.82,34.16 3 0
github.com/fridrock/trainingservice/main.go:34.16,36.3 1 0
github.com/fridrock/trainingservice/main.go:37.2,38.16 2 0
github.com/fridrock/trainingservice/main.go:38.16,40.3 1 0
github.com/fridrock/trainingservice/main.go:41.2,44.99 3 0
github.com/fridrock/trainingservice/main.go:44.99,46.3 1 0
github.com/fridrock/trainingservice/main.go:47.2,48.17 2 0
github.com/fridrock/trainingservice/main.go:51.53,54.16 3 0
github.com/fridrock/trainingservice/main.go:54.16,56.3 1 0
github.com/fridrock/trainingservice/main.go:57.2,57.19 1 0
github.com/fridrock/trainingservice/main.go:59.13,74.2 8 0
github.com/fridrock/trainingservice/test/rmqsetup.go:26.23,33.16 3 0
github.com/fridrock/trainingservice/test/rmqsetup.go:33.16,35.3 1 0
github.com/fridrock/trainingservice/test/rmqsetup.go:36.2,36.34 1 0
github.com/fridrock/trainingservice/test/rmqsetup.go:39.52,40.25 1 0
github.com/fridrock/trainingservice/test/rmqsetup.go:40.25,42.3 1 0
github.com/fridrock/trainingservice/test/rmqsetup.go:43.2,43.21 1 0
github.com/fridrock/trainingservice/test/rmqsetup.go:46.24,51.16 5 0
github.com/fridrock/trainingservice/test/rmqsetup.go:51.16,53.3 1 0
github.com/fridrock/trainingservice/test/rmqsetup.go:54.2,60.16 3 0
github.com/fridrock/trainingservice/test/rmqsetup.go:60.16,62.3 1 0
github.com/fridrock/trainingservice/test/rmqsetup.go:63.2,63.32 1 0
github.com/fridrock/trainingservice/test/rmqsetup.go:66.44,67.29 1 0
github.com/fridrock/trainingservice/test/rmqsetup.go:67.29,69.3 1 0
github.com/fridrock/trainingservice/test/rmqsetup.go:70.2,70.25 1 0
github.com/fridrock/trainingservice/test/rmqsetup.go:73.22,78.2 4 0
github.com/fridrock/trainingservice/test/rmqsetup.go:80.40,81.27 1 0
github.com/fridrock/trainingservice/test/rmqsetup.go:81.27,83.3 1 0
github.com/fridrock/trainingservice/test/rmqsetup.go:84.2,84.23 1 0
github.com/fridrock/trainingservice/test/rmqsetup.go:87.22,92.16 5 0
github.com/fridrock/trainingservice/test/rmqsetup.go:92.16,94.3 1 0
github.com/fridrock/trainingservice/test/rmqsetup.go:95.2,96.16 2 0
github.com/fridrock/trainingservice/test/rmqsetup.go:96.16,98.3 1 0
github.com/fridrock/trainingservice/test/rmqsetup.go:99.2,100.16 2 0
github.com/fridrock/trainingservice/test/rmqsetup.go:100.16,102.3 1 0
github.com/fridrock/trainingservice/test/rmqsetup.go:104.2,104.95 1 0
github.com/fridrock/trainingservice/test/rmqsetup.go:104.95,105.21 1 0
github.com/fridrock/trainingservice/test/rmqsetup.go:105.21,107.4 1 0
github.com/fridrock/trainingservice/test/rmqsetup.go:109.2,109.16 1 0
github.com/fridrock/trainingservice/test/rmqsetup.go:109.16,111.3 1 0
github.com/fridrock/trainingservice/test/rmqsetup.go:112.2,112.30 1 0
github.com/fridrock/trainingservice/test/rmqsetup.go:115.47,116.27 1 0
github.com/fridrock/trainingservice/test/rmqsetup.go:116.27,118.3 1 0
github.com/fridrock/trainingservice/test/rmqsetup.go:119.2,119.23 1 0
github.com/fridrock/trainingservice/test/rmqsetup.go:122.13,126.15 4 0
github.com/fridrock/trainingservice/test/rmqsetup.go:126.15,127.70 1 0
github.com/fridrock/trainingservice/test/rmqsetup.go:127.70,129.4 1 0
github.com/fridrock/trainingservice/db/core/connect.go:14.34,17.16 3 0
github.com/fridrock/trainingservice/db/core/connect.go:17.16,19.3 1 0
github.com/fridrock/trainingservice/db/core/connect.go:20.2,21.11 2 0
github.com/fridrock/trainingservice/db/core/connect.go:24.38,28.2 3 0
github.com/fridrock/trainingservice/db/core/connect.go:30.77,31.40 1 0
github.com/fridrock/trainingservice/db/core/connect.go:31.40,33.3 1 0
github.com/fridrock/trainingservice/db/core/connect.go:34.2,38.35 1 0
github.com/fridrock/trainingservice/db/core/connect.go:41.50,43.13 2 0
github.com/fridrock/trainingservice/db/core/connect.go:43.13,45.3 1 0
github.com/fridrock/trainingservice/db/core/connect.go:46.2,46.15 1 0
github.com/fridrock/trainingservice/api/utils/converters/exgroupconverter.go:15.56,17.16 2 1
github.com/fridrock/trainingservice/api/utils/converters/exgroupconverter.go:17.16,19.3 1 0
github.com/fridrock/trainingservice/api/utils/converters/exgroupconverter.go:20.2,20.15 1 1
github.com/fridrock/trainingservice/api/utils/converters/exgroupconverter.go:23.71,27.2 3 1
github.com/fridrock/trainingservice/api/utils/converters/exgroupconverter.go:29.68,32.16 3 1
github.com/fridrock/trainingservice/api/utils/converters/exgroupconverter.go:32.16,34.3 1 0
github.com/fridrock/trainingservice/api/utils/converters/exgroupconverter.go:35.2,35.53 1 1
github.com/fridrock/trainingservice/api/utils/converters/exgroupconverter.go:35.53,37.3 1 1
github.com/fridrock/trainingservice/api/utils/converters/exgroupconverter.go:38.2,38.48 1 1
github.com/fridrock/trainingservice/api/consumers/egsstub.go:11.63,13.2 1 1
github.com/fridrock/trainingservice/api/consumers/egsstub.go:14.64,17.2 2 0
github.com/fridrock/trainingservice/api/consumers/egsstub.go:18.83,21.26 3 1
github.com/fridrock/trainingservice/api/consumers/egsstub.go:21.26,23.3 1 1
github.com/fridrock/trainingservice/api/consumers/egsstub.go:23.8,29.3 1 1
github.com/fridrock/trainingservice/api/consumers/egsstub.go:30.2,30.19 1 1
github.com/fridrock/trainingservice/api/consumers/egsstub.go:32.48,34.2 1 0
github.com/fridrock/trainingservice/api/consumers/egsstub.go:35.67,36.26 1 1
github.com/fridrock/trainingservice/api/consumers/egsstub.go:36.26,38.3 1 1
github.com/fridrock/trainingservice/api/consumers/egsstub.go:38.8,40.3 1 1
github.com/fridrock/trainingservice/api/consumers/egsstub.go:42.56,44.2 1 0
github.com/fridrock/trainingservice/api/consumers/egsstub.go:45.91,47.2 1 0
github.com/fridrock/trainingservice/api/consumers/egsstub.go:49.74,51.2 1 0
github.com/fridrock/trainingservice/api/consumers/exgrouprouter.go:26.64,33.2 6 0
github.com/fridrock/trainingservice/api/consumers/exgrouprouter.go:36.68,39.16 3 1
github.com/fridrock/trainingservice/api/consumers/exgrouprouter.go:39.16,41.3 1 0
github.com/fridrock/trainingservice/api/consumers/exgrouprouter.go:45.68,48.16 3 1
github.com/fridrock/trainingservice/api/consumers/exgrouprouter.go:48.16,50.3 1 0
github.com/fridrock/trainingservice/api/consumers/exgrouprouter.go:54.59,56.2 1 1
github.com/fridrock/trainingservice/api/consumers/exgrouprouter.go:59.35,61.16 2 1
github.com/fridrock/trainingservice/api/consumers/exgrouprouter.go:61.16,63.3 1 0
github.com/fridrock/trainingservice/api/consumers/exgrouprouter.go:64.2,65.16 2 1
github.com/fridrock/trainingservice/api/consumers/exgrouprouter.go:65.16,67.3 1 0
github.com/fridrock/trainingservice/api/consumers/exgrouprouter.go:69.2,71.102 2 1
github.com/fridrock/trainingservice/api/consumers/exgrouprouter.go:71.102,74.17 3 1
github.com/fridrock/trainingservice/api/consumers/exgrouprouter.go:74.17,77.4 2 1
github.com/fridrock/trainingservice/api/consumers/exgrouprouter.go:78.3,80.17 3 1
github.com/fridrock/trainingservice/api/consumers/exgrouprouter.go:80.17,86.4 2 0
github.com/fridrock/trainingservice/api/consumers/exgrouprouter.go:87.3,87.128 1 1
github.com/fridrock/trainingservice/api/consumers/exgrouprouter.go:91.2,91.102 1 1
github.com/fridrock/trainingservice/api/consumers/exgrouprouter.go:91.102,94.17 3 1
github.com/fridrock/trainingservice/api/consumers/exgrouprouter.go:94.17,97.4 2 1
github.com/fridrock/trainingservice/api/consumers/exgrouprouter.go:98.3,100.17 3 1
github.com/fridrock/trainingservice/api/consumers/exgrouprouter.go:100.17,103.4 2 1
github.com/fridrock/trainingservice/api/consumers/exgrouprouter.go:104.3,104.101 1 1
github.com/fridrock/trainingservice/api/consumers/exgrouprouter.go:108.2,108.100 1 1
github.com/fridrock/trainingservice/api/consumers/exgrouprouter.go:108.100,111.17 3 1
github.com/fridrock/trainingservice/api/consumers/exgrouprouter.go:111.17,114.4 2 1
github.com/fridrock/trainingservice/api/consumers/exgrouprouter.go:115.3,117.17 3 1
github.com/fridrock/trainingservice/api/consumers/exgrouprouter.go:117.17,120.4 2 1
github.com/fridrock/trainingservice/api/consumers/exgrouprouter.go:121.3,122.17 2 1
github.com/fridrock/trainingservice/api/consumers/exgrouprouter.go:122.17,125.4 2 0
github.com/fridrock/trainingservice/api/consumers/exgrouprouter.go:126.3,126.111 1 1
github.com/fridrock/trainingservice/api/consumers/exgrouprouter.go:129.2,129.49 1 1
github.com/fridrock/trainingservice/api/consumers/exgrouprouter.go:134.33,137.2 2 0
github.com/fridrock/trainingservice/test/rmqsetup.go:26.23,33.16 3 1
github.com/fridrock/trainingservice/test/rmqsetup.go:33.16,35.3 1 0
github.com/fridrock/trainingservice/test/rmqsetup.go:36.2,36.34 1 1
github.com/fridrock/trainingservice/test/rmqsetup.go:39.52,40.25 1 1
github.com/fridrock/trainingservice/test/rmqsetup.go:40.25,42.3 1 1
github.com/fridrock/trainingservice/test/rmqsetup.go:43.2,43.21 1 1
github.com/fridrock/trainingservice/test/rmqsetup.go:46.24,51.16 5 1
github.com/fridrock/trainingservice/test/rmqsetup.go:51.16,53.3 1 0
github.com/fridrock/trainingservice/test/rmqsetup.go:54.2,60.16 3 1
github.com/fridrock/trainingservice/test/rmqsetup.go:60.16,62.3 1 0
github.com/fridrock/trainingservice/test/rmqsetup.go:63.2,63.32 1 1
github.com/fridrock/trainingservice/test/rmqsetup.go:66.44,67.29 1 1
github.com/fridrock/trainingservice/test/rmqsetup.go:67.29,69.3 1 1
github.com/fridrock/trainingservice/test/rmqsetup.go:70.2,70.25 1 1
github.com/fridrock/trainingservice/test/rmqsetup.go:73.22,78.2 4 1
github.com/fridrock/trainingservice/test/rmqsetup.go:80.40,81.27 1 1
github.com/fridrock/trainingservice/test/rmqsetup.go:81.27,83.3 1 1
github.com/fridrock/trainingservice/test/rmqsetup.go:84.2,84.23 1 1
github.com/fridrock/trainingservice/test/rmqsetup.go:87.22,92.16 5 1
github.com/fridrock/trainingservice/test/rmqsetup.go:92.16,94.3 1 0
github.com/fridrock/trainingservice/test/rmqsetup.go:95.2,96.16 2 1
github.com/fridrock/trainingservice/test/rmqsetup.go:96.16,98.3 1 0
github.com/fridrock/trainingservice/test/rmqsetup.go:99.2,100.16 2 1
github.com/fridrock/trainingservice/test/rmqsetup.go:100.16,102.3 1 0
github.com/fridrock/trainingservice/test/rmqsetup.go:104.2,104.95 1 1
github.com/fridrock/trainingservice/test/rmqsetup.go:104.95,105.21 1 1
github.com/fridrock/trainingservice/test/rmqsetup.go:105.21,107.4 1 1
github.com/fridrock/trainingservice/test/rmqsetup.go:109.2,109.16 1 1
github.com/fridrock/trainingservice/test/rmqsetup.go:109.16,111.3 1 0
github.com/fridrock/trainingservice/test/rmqsetup.go:112.2,112.30 1 1
github.com/fridrock/trainingservice/test/rmqsetup.go:115.47,116.27 1 1
github.com/fridrock/trainingservice/test/rmqsetup.go:116.27,118.3 1 1
github.com/fridrock/trainingservice/test/rmqsetup.go:119.2,119.23 1 1
github.com/fridrock/trainingservice/test/rmqsetup.go:122.13,126.15 4 0
github.com/fridrock/trainingservice/test/rmqsetup.go:126.15,127.70 1 0
github.com/fridrock/trainingservice/test/rmqsetup.go:127.70,129.4 1 0
